Arguments: 
  C:\nvm4w\nodejs\node.exe C:\Users\OnePC\AppData\Roaming\npm\node_modules\yarn\bin\yarn.js add @prisma/client bcrypt cors dotenv exceljs express-fileup joi jsonwebtoken pdf-creator-node winston-daily-rotate-file

PATH: 
  C:\Program Files\Common Files\Oracle\Java\javapath;C:\Program Files (x86)\Common Files\Oracle\Java\javapath;C:\Windows\system32;C:\Windows;C:\Windows\System32\Wbem;C:\Windows\System32\WindowsPowerShell\v1.0\;C:\Windows\System32\OpenSSH\;C:\Program Files (x86)\NVIDIA Corporation\PhysX\Common;C:\WINDOWS\system32;C:\WINDOWS;C:\WINDOWS\System32\Wbem;C:\WINDOWS\System32\WindowsPowerShell\v1.0\;C:\WINDOWS\System32\OpenSSH\;C:\Program Files\Git\cmd;C:\Program Files\NVIDIA Corporation\NVIDIA app\NvDLISR;C:\Program Files\dotnet\;C:\Program Files (x86)\Windows Kits\10\Windows Performance Toolkit\;C:\Program Files\Git LFS;C:\Program Files\Go\bin;%NVM_HOME%;%NVM_SYMLINK%;C:\Users\OnePC\AppData\Local\Programs\Python\Python310\Scripts\;C:\Users\OnePC\AppData\Local\Programs\Python\Python310\;C:\Users\OnePC\AppData\Local\Microsoft\WindowsApps;C:\Users\OnePC\AppData\Local\Programs\Microsoft VS Code\bin;C:\Users\OnePC\AppData\Local\Programs\Hyper\resources\bin;C:\Users\OnePC\.dotnet\tools;C:\Users\OnePC\AppData\Roaming\npm;C:\Users\OnePC\AppData\Local\spicetify;C:\Users\OnePC\AppData\Local\Microsoft\WindowsApps;C:\Users\OnePC\AppData\Local\GitHubDesktop\bin;C:\Users\OnePC\go\bin;C:\msys64\ucrt64\bin;E:\Zed\bin;C:\Program Files\Redis;C:\Users\OnePC\AppData\Local\nvm;C:\nvm4w\nodejs

Yarn version: 
  1.22.19

Node version: 
  22.11.0

Platform: 
  win32 x64

Trace: 
  Error: https://registry.yarnpkg.com/express-fileup: Not found
      at params.callback [as _callback] (C:\Users\OnePC\AppData\Roaming\npm\node_modules\yarn\lib\cli.js:66145:18)
      at self.callback (C:\Users\OnePC\AppData\Roaming\npm\node_modules\yarn\lib\cli.js:140890:22)
      at Request.emit (node:events:518:28)
      at Request.<anonymous> (C:\Users\OnePC\AppData\Roaming\npm\node_modules\yarn\lib\cli.js:141862:10)
      at Request.emit (node:events:518:28)
      at IncomingMessage.<anonymous> (C:\Users\OnePC\AppData\Roaming\npm\node_modules\yarn\lib\cli.js:141784:12)
      at Object.onceWrapper (node:events:632:28)
      at IncomingMessage.emit (node:events:530:35)
      at endReadableNT (node:internal/streams/readable:1698:12)
      at process.processTicksAndRejections (node:internal/process/task_queues:90:21)

npm manifest: 
  {
    "name": "backend",
    "version": "1.0.0",
    "main": "index.js",
    "license": "MIT"
  }

yarn manifest: 
  No manifest

Lockfile: 
  No lockfile
